{"C:\\Users\\kisil\\Documents\\trae_projects\\QA4\\src\\components\\Dashboard\\AIChat.tsx": {"path":"C:\\Users\\kisil\\Documents\\trae_projects\\QA4\\src\\components\\Dashboard\\AIChat.tsx","statementMap":{"0":{"start":{"line":13,"column":45},"end":{"line":182,"column":null}},"1":{"start":{"line":14,"column":30},"end":{"line":16,"column":null}},"2":{"start":{"line":17,"column":24},"end":{"line":17,"column":null}},"3":{"start":{"line":18,"column":28},"end":{"line":18,"column":null}},"4":{"start":{"line":19,"column":8},"end":{"line":19,"column":null}},"5":{"start":{"line":22,"column":17},"end":{"line":22,"column":null}},"6":{"start":{"line":24,"column":25},"end":{"line":26,"column":null}},"7":{"start":{"line":25,"column":4},"end":{"line":25,"column":null}},"8":{"start":{"line":28,"column":2},"end":{"line":30,"column":null}},"9":{"start":{"line":29,"column":4},"end":{"line":29,"column":null}},"10":{"start":{"line":32,"column":33},"end":{"line":40,"column":null}},"11":{"start":{"line":33,"column":45},"end":{"line":33,"column":null}},"12":{"start":{"line":34,"column":6},"end":{"line":36,"column":null}},"13":{"start":{"line":35,"column":10},"end":{"line":35,"column":null}},"14":{"start":{"line":37,"column":6},"end":{"line":39,"column":null}},"15":{"start":{"line":38,"column":35},"end":{"line":38,"column":51}},"16":{"start":{"line":39,"column":26},"end":{"line":39,"column":43}},"17":{"start":{"line":42,"column":21},"end":{"line":117,"column":null}},"18":{"start":{"line":43,"column":4},"end":{"line":43,"column":null}},"19":{"start":{"line":43,"column":23},"end":{"line":43,"column":null}},"20":{"start":{"line":45,"column":4},"end":{"line":48,"column":null}},"21":{"start":{"line":46,"column":8},"end":{"line":46,"column":null}},"22":{"start":{"line":46,"column":28},"end":{"line":46,"column":132}},"23":{"start":{"line":47,"column":8},"end":{"line":47,"column":null}},"24":{"start":{"line":50,"column":20},"end":{"line":50,"column":null}},"25":{"start":{"line":51,"column":4},"end":{"line":51,"column":null}},"26":{"start":{"line":52,"column":4},"end":{"line":52,"column":null}},"27":{"start":{"line":52,"column":24},"end":{"line":52,"column":69}},"28":{"start":{"line":53,"column":4},"end":{"line":53,"column":null}},"29":{"start":{"line":55,"column":4},"end":{"line":116,"column":null}},"30":{"start":{"line":57,"column":12},"end":{"line":57,"column":null}},"31":{"start":{"line":58,"column":27},"end":{"line":58,"column":null}},"32":{"start":{"line":59,"column":12},"end":{"line":59,"column":null}},"33":{"start":{"line":60,"column":25},"end":{"line":60,"column":null}},"34":{"start":{"line":62,"column":22},"end":{"line":68,"column":null}},"35":{"start":{"line":65,"column":49},"end":{"line":65,"column":112}},"36":{"start":{"line":66,"column":45},"end":{"line":66,"column":93}},"37":{"start":{"line":67,"column":78},"end":{"line":67,"column":106}},"38":{"start":{"line":70,"column":27},"end":{"line":81,"column":null}},"39":{"start":{"line":88,"column":23},"end":{"line":102,"column":null}},"40":{"start":{"line":98,"column":34},"end":{"line":98,"column":71}},"41":{"start":{"line":104,"column":19},"end":{"line":104,"column":null}},"42":{"start":{"line":106,"column":6},"end":{"line":108,"column":null}},"43":{"start":{"line":107,"column":9},"end":{"line":107,"column":null}},"44":{"start":{"line":110,"column":20},"end":{"line":110,"column":null}},"45":{"start":{"line":111,"column":6},"end":{"line":111,"column":null}},"46":{"start":{"line":111,"column":26},"end":{"line":111,"column":74}},"47":{"start":{"line":113,"column":6},"end":{"line":113,"column":null}},"48":{"start":{"line":113,"column":26},"end":{"line":113,"column":96}},"49":{"start":{"line":115,"column":6},"end":{"line":115,"column":null}},"50":{"start":{"line":119,"column":2},"end":{"line":180,"column":null}},"51":{"start":{"line":132,"column":16},"end":{"line":139,"column":null}},"52":{"start":{"line":166,"column":35},"end":{"line":166,"column":null}},"53":{"start":{"line":168,"column":24},"end":{"line":171,"column":null}},"54":{"start":{"line":169,"column":28},"end":{"line":169,"column":null}},"55":{"start":{"line":170,"column":28},"end":{"line":170,"column":null}}},"fnMap":{"0":{"name":"(anonymous_0)","decl":{"start":{"line":13,"column":45},"end":{"line":13,"column":46}},"loc":{"start":{"line":13,"column":70},"end":{"line":182,"column":null}},"line":13},"1":{"name":"(anonymous_1)","decl":{"start":{"line":24,"column":25},"end":{"line":24,"column":31}},"loc":{"start":{"line":24,"column":31},"end":{"line":26,"column":null}},"line":24},"2":{"name":"(anonymous_2)","decl":{"start":{"line":28,"column":12},"end":{"line":28,"column":18}},"loc":{"start":{"line":28,"column":18},"end":{"line":30,"column":5}},"line":28},"3":{"name":"(anonymous_3)","decl":{"start":{"line":32,"column":33},"end":{"line":32,"column":34}},"loc":{"start":{"line":32,"column":59},"end":{"line":40,"column":null}},"line":32},"4":{"name":"(anonymous_4)","decl":{"start":{"line":34,"column":19},"end":{"line":34,"column":27}},"loc":{"start":{"line":34,"column":27},"end":{"line":36,"column":7}},"line":34},"5":{"name":"(anonymous_5)","decl":{"start":{"line":38,"column":15},"end":{"line":38,"column":16}},"loc":{"start":{"line":38,"column":35},"end":{"line":38,"column":51}},"line":38},"6":{"name":"(anonymous_6)","decl":{"start":{"line":39,"column":16},"end":{"line":39,"column":17}},"loc":{"start":{"line":39,"column":26},"end":{"line":39,"column":43}},"line":39},"7":{"name":"(anonymous_7)","decl":{"start":{"line":42,"column":21},"end":{"line":42,"column":33}},"loc":{"start":{"line":42,"column":33},"end":{"line":117,"column":null}},"line":42},"8":{"name":"(anonymous_8)","decl":{"start":{"line":46,"column":20},"end":{"line":46,"column":28}},"loc":{"start":{"line":46,"column":28},"end":{"line":46,"column":132}},"line":46},"9":{"name":"(anonymous_9)","decl":{"start":{"line":52,"column":16},"end":{"line":52,"column":24}},"loc":{"start":{"line":52,"column":24},"end":{"line":52,"column":69}},"line":52},"10":{"name":"(anonymous_10)","decl":{"start":{"line":65,"column":44},"end":{"line":65,"column":49}},"loc":{"start":{"line":65,"column":49},"end":{"line":65,"column":112}},"line":65},"11":{"name":"(anonymous_11)","decl":{"start":{"line":66,"column":40},"end":{"line":66,"column":45}},"loc":{"start":{"line":66,"column":45},"end":{"line":66,"column":93}},"line":66},"12":{"name":"(anonymous_12)","decl":{"start":{"line":67,"column":73},"end":{"line":67,"column":78}},"loc":{"start":{"line":67,"column":78},"end":{"line":67,"column":106}},"line":67},"13":{"name":"(anonymous_13)","decl":{"start":{"line":98,"column":28},"end":{"line":98,"column":34}},"loc":{"start":{"line":98,"column":34},"end":{"line":98,"column":71}},"line":98},"14":{"name":"(anonymous_14)","decl":{"start":{"line":111,"column":18},"end":{"line":111,"column":26}},"loc":{"start":{"line":111,"column":26},"end":{"line":111,"column":74}},"line":111},"15":{"name":"(anonymous_15)","decl":{"start":{"line":113,"column":18},"end":{"line":113,"column":26}},"loc":{"start":{"line":113,"column":26},"end":{"line":113,"column":96}},"line":113},"16":{"name":"(anonymous_16)","decl":{"start":{"line":131,"column":26},"end":{"line":131,"column":27}},"loc":{"start":{"line":132,"column":16},"end":{"line":139,"column":null}},"line":132},"17":{"name":"(anonymous_17)","decl":{"start":{"line":166,"column":30},"end":{"line":166,"column":35}},"loc":{"start":{"line":166,"column":35},"end":{"line":166,"column":null}},"line":166},"18":{"name":"(anonymous_18)","decl":{"start":{"line":167,"column":31},"end":{"line":167,"column":36}},"loc":{"start":{"line":167,"column":36},"end":{"line":172,"column":null}},"line":167}},"branchMap":{"0":{"loc":{"start":{"line":35,"column":39},"end":{"line":35,"column":73}},"type":"binary-expr","locations":[{"start":{"line":35,"column":39},"end":{"line":35,"column":68}},{"start":{"line":35,"column":68},"end":{"line":35,"column":73}}],"line":35},"1":{"loc":{"start":{"line":43,"column":4},"end":{"line":43,"column":null}},"type":"if","locations":[{"start":{"line":43,"column":4},"end":{"line":43,"column":null}},{"start":{},"end":{}}],"line":43},"2":{"loc":{"start":{"line":45,"column":4},"end":{"line":48,"column":null}},"type":"if","locations":[{"start":{"line":45,"column":4},"end":{"line":48,"column":null}},{"start":{},"end":{}}],"line":45},"3":{"loc":{"start":{"line":106,"column":6},"end":{"line":108,"column":null}},"type":"if","locations":[{"start":{"line":106,"column":6},"end":{"line":108,"column":null}},{"start":{},"end":{}}],"line":106},"4":{"loc":{"start":{"line":120,"column":72},"end":{"line":120,"column":96}},"type":"binary-expr","locations":[{"start":{"line":120,"column":72},"end":{"line":120,"column":85}},{"start":{"line":120,"column":85},"end":{"line":120,"column":96}}],"line":120},"5":{"loc":{"start":{"line":132,"column":56},"end":{"line":132,"column":101}},"type":"cond-expr","locations":[{"start":{"line":132,"column":78},"end":{"line":132,"column":99}},{"start":{"line":132,"column":99},"end":{"line":132,"column":101}}],"line":132},"6":{"loc":{"start":{"line":133,"column":107},"end":{"line":133,"column":198}},"type":"cond-expr","locations":[{"start":{"line":133,"column":134},"end":{"line":133,"column":171}},{"start":{"line":133,"column":171},"end":{"line":133,"column":198}}],"line":133},"7":{"loc":{"start":{"line":134,"column":25},"end":{"line":134,"column":null}},"type":"cond-expr","locations":[{"start":{"line":134,"column":52},"end":{"line":134,"column":72}},{"start":{"line":134,"column":72},"end":{"line":134,"column":null}}],"line":134},"8":{"loc":{"start":{"line":136,"column":75},"end":{"line":136,"column":230}},"type":"cond-expr","locations":[{"start":{"line":136,"column":102},"end":{"line":136,"column":180}},{"start":{"line":136,"column":180},"end":{"line":136,"column":230}}],"line":136},"9":{"loc":{"start":{"line":141,"column":13},"end":{"line":153,"column":null}},"type":"binary-expr","locations":[{"start":{"line":141,"column":13},"end":{"line":141,"column":null}},{"start":{"line":142,"column":16},"end":{"line":153,"column":null}}],"line":141},"10":{"loc":{"start":{"line":168,"column":24},"end":{"line":171,"column":null}},"type":"if","locations":[{"start":{"line":168,"column":24},"end":{"line":171,"column":null}},{"start":{},"end":{}}],"line":168},"11":{"loc":{"start":{"line":175,"column":58},"end":{"line":175,"column":84}},"type":"binary-expr","locations":[{"start":{"line":175,"column":58},"end":{"line":175,"column":69}},{"start":{"line":175,"column":69},"end":{"line":175,"column":84}}],"line":175}},"s":{"0":1,"1":8,"2":8,"3":8,"4":8,"5":8,"6":8,"7":6,"8":8,"9":6,"10":8,"11":1,"12":1,"13":0,"14":1,"15":0,"16":0,"17":8,"18":2,"19":0,"20":2,"21":1,"22":1,"23":1,"24":1,"25":1,"26":1,"27":1,"28":1,"29":1,"30":1,"31":1,"32":1,"33":1,"34":1,"35":0,"36":0,"37":0,"38":1,"39":1,"40":1,"41":1,"42":1,"43":0,"44":1,"45":1,"46":1,"47":0,"48":0,"49":1,"50":8,"51":12,"52":2,"53":0,"54":0,"55":0},"f":{"0":8,"1":6,"2":6,"3":1,"4":0,"5":0,"6":0,"7":2,"8":1,"9":1,"10":0,"11":0,"12":0,"13":1,"14":1,"15":0,"16":12,"17":2,"18":0},"b":{"0":[0,0],"1":[0,2],"2":[1,1],"3":[0,1],"4":[8,8],"5":[2,10],"6":[10,2],"7":[10,2],"8":[10,2],"9":[8,1],"10":[0,0],"11":[8,7]},"meta":{"lastBranch":12,"lastFunction":19,"lastStatement":56,"seen":{"s:13:45:182:Infinity":0,"f:13:45:13:46":0,"s:14:30:16:Infinity":1,"s:17:24:17:Infinity":2,"s:18:28:18:Infinity":3,"s:19:8:19:Infinity":4,"s:22:17:22:Infinity":5,"s:24:25:26:Infinity":6,"f:24:25:24:31":1,"s:25:4:25:Infinity":7,"s:28:2:30:Infinity":8,"f:28:12:28:18":2,"s:29:4:29:Infinity":9,"s:32:33:40:Infinity":10,"f:32:33:32:34":3,"s:33:45:33:Infinity":11,"s:34:6:36:Infinity":12,"f:34:19:34:27":4,"s:35:10:35:Infinity":13,"b:35:39:35:68:35:68:35:73":0,"s:37:6:39:Infinity":14,"f:38:15:38:16":5,"s:38:35:38:51":15,"f:39:16:39:17":6,"s:39:26:39:43":16,"s:42:21:117:Infinity":17,"f:42:21:42:33":7,"b:43:4:43:Infinity:undefined:undefined:undefined:undefined":1,"s:43:4:43:Infinity":18,"s:43:23:43:Infinity":19,"b:45:4:48:Infinity:undefined:undefined:undefined:undefined":2,"s:45:4:48:Infinity":20,"s:46:8:46:Infinity":21,"f:46:20:46:28":8,"s:46:28:46:132":22,"s:47:8:47:Infinity":23,"s:50:20:50:Infinity":24,"s:51:4:51:Infinity":25,"s:52:4:52:Infinity":26,"f:52:16:52:24":9,"s:52:24:52:69":27,"s:53:4:53:Infinity":28,"s:55:4:116:Infinity":29,"s:57:12:57:Infinity":30,"s:58:27:58:Infinity":31,"s:59:12:59:Infinity":32,"s:60:25:60:Infinity":33,"s:62:22:68:Infinity":34,"f:65:44:65:49":10,"s:65:49:65:112":35,"f:66:40:66:45":11,"s:66:45:66:93":36,"f:67:73:67:78":12,"s:67:78:67:106":37,"s:70:27:81:Infinity":38,"s:88:23:102:Infinity":39,"f:98:28:98:34":13,"s:98:34:98:71":40,"s:104:19:104:Infinity":41,"b:106:6:108:Infinity:undefined:undefined:undefined:undefined":3,"s:106:6:108:Infinity":42,"s:107:9:107:Infinity":43,"s:110:20:110:Infinity":44,"s:111:6:111:Infinity":45,"f:111:18:111:26":14,"s:111:26:111:74":46,"s:113:6:113:Infinity":47,"f:113:18:113:26":15,"s:113:26:113:96":48,"s:115:6:115:Infinity":49,"s:119:2:180:Infinity":50,"b:120:72:120:85:120:85:120:96":4,"f:131:26:131:27":16,"s:132:16:139:Infinity":51,"b:132:78:132:99:132:99:132:101":5,"b:133:134:133:171:133:171:133:198":6,"b:134:52:134:72:134:72:134:Infinity":7,"b:136:102:136:180:136:180:136:230":8,"b:141:13:141:Infinity:142:16:153:Infinity":9,"f:166:30:166:35":17,"s:166:35:166:Infinity":52,"f:167:31:167:36":18,"b:168:24:171:Infinity:undefined:undefined:undefined:undefined":10,"s:168:24:171:Infinity":53,"s:169:28:169:Infinity":54,"s:170:28:170:Infinity":55,"b:175:58:175:69:175:69:175:84":11}}}
,"C:\\Users\\kisil\\Documents\\trae_projects\\QA4\\src\\components\\Dashboard\\DefectDescriptionChart.tsx": {"path":"C:\\Users\\kisil\\Documents\\trae_projects\\QA4\\src\\components\\Dashboard\\DefectDescriptionChart.tsx","statementMap":{"0":{"start":{"line":7,"column":0},"end":{"line":7,"column":null}},"1":{"start":{"line":14,"column":77},"end":{"line":106,"column":null}},"2":{"start":{"line":15,"column":8},"end":{"line":58,"column":null}},"3":{"start":{"line":17,"column":43},"end":{"line":17,"column":null}},"4":{"start":{"line":19,"column":4},"end":{"line":27,"column":null}},"5":{"start":{"line":20,"column":14},"end":{"line":20,"column":null}},"6":{"start":{"line":23,"column":8},"end":{"line":26,"column":null}},"7":{"start":{"line":24,"column":18},"end":{"line":24,"column":null}},"8":{"start":{"line":25,"column":12},"end":{"line":25,"column":null}},"9":{"start":{"line":30,"column":19},"end":{"line":32,"column":null}},"10":{"start":{"line":31,"column":32},"end":{"line":31,"column":37}},"11":{"start":{"line":34,"column":19},"end":{"line":34,"column":null}},"12":{"start":{"line":34,"column":39},"end":{"line":34,"column":40}},"13":{"start":{"line":35,"column":19},"end":{"line":35,"column":null}},"14":{"start":{"line":35,"column":41},"end":{"line":35,"column":42}},"15":{"start":{"line":37,"column":4},"end":{"line":57,"column":null}},"16":{"start":{"line":60,"column":18},"end":{"line":97,"column":null}},"17":{"start":{"line":87,"column":32},"end":{"line":87,"column":null}},"18":{"start":{"line":88,"column":32},"end":{"line":88,"column":null}},"19":{"start":{"line":89,"column":32},"end":{"line":89,"column":null}},"20":{"start":{"line":89,"column":86},"end":{"line":89,"column":93}},"21":{"start":{"line":90,"column":24},"end":{"line":90,"column":null}},"22":{"start":{"line":91,"column":18},"end":{"line":91,"column":null}},"23":{"start":{"line":99,"column":2},"end":{"line":104,"column":null}}},"fnMap":{"0":{"name":"(anonymous_0)","decl":{"start":{"line":14,"column":77},"end":{"line":14,"column":78}},"loc":{"start":{"line":14,"column":102},"end":{"line":106,"column":null}},"line":14},"1":{"name":"(anonymous_1)","decl":{"start":{"line":15,"column":51},"end":{"line":15,"column":57}},"loc":{"start":{"line":15,"column":57},"end":{"line":58,"column":5}},"line":15},"2":{"name":"(anonymous_2)","decl":{"start":{"line":19,"column":17},"end":{"line":19,"column":25}},"loc":{"start":{"line":19,"column":25},"end":{"line":27,"column":5}},"line":19},"3":{"name":"(anonymous_3)","decl":{"start":{"line":31,"column":14},"end":{"line":31,"column":15}},"loc":{"start":{"line":31,"column":32},"end":{"line":31,"column":37}},"line":31},"4":{"name":"(anonymous_4)","decl":{"start":{"line":34,"column":30},"end":{"line":34,"column":31}},"loc":{"start":{"line":34,"column":39},"end":{"line":34,"column":40}},"line":34},"5":{"name":"(anonymous_5)","decl":{"start":{"line":35,"column":30},"end":{"line":35,"column":31}},"loc":{"start":{"line":35,"column":41},"end":{"line":35,"column":42}},"line":35},"6":{"name":"(anonymous_6)","decl":{"start":{"line":86,"column":21},"end":{"line":86,"column":22}},"loc":{"start":{"line":86,"column":39},"end":{"line":92,"column":null}},"line":86},"7":{"name":"(anonymous_7)","decl":{"start":{"line":89,"column":60},"end":{"line":89,"column":61}},"loc":{"start":{"line":89,"column":86},"end":{"line":89,"column":93}},"line":89}},"branchMap":{"0":{"loc":{"start":{"line":20,"column":24},"end":{"line":20,"column":48}},"type":"binary-expr","locations":[{"start":{"line":20,"column":24},"end":{"line":20,"column":44}},{"start":{"line":20,"column":44},"end":{"line":20,"column":48}}],"line":20},"1":{"loc":{"start":{"line":23,"column":8},"end":{"line":26,"column":null}},"type":"if","locations":[{"start":{"line":23,"column":8},"end":{"line":26,"column":null}},{"start":{},"end":{}}],"line":23},"2":{"loc":{"start":{"line":23,"column":12},"end":{"line":23,"column":66}},"type":"binary-expr","locations":[{"start":{"line":23,"column":12},"end":{"line":23,"column":39}},{"start":{"line":23,"column":39},"end":{"line":23,"column":66}}],"line":23},"3":{"loc":{"start":{"line":24,"column":25},"end":{"line":24,"column":65}},"type":"binary-expr","locations":[{"start":{"line":24,"column":25},"end":{"line":24,"column":51}},{"start":{"line":24,"column":51},"end":{"line":24,"column":65}}],"line":24},"4":{"loc":{"start":{"line":25,"column":27},"end":{"line":25,"column":47}},"type":"binary-expr","locations":[{"start":{"line":25,"column":27},"end":{"line":25,"column":42}},{"start":{"line":25,"column":42},"end":{"line":25,"column":47}}],"line":25},"5":{"loc":{"start":{"line":87,"column":32},"end":{"line":87,"column":null}},"type":"binary-expr","locations":[{"start":{"line":87,"column":32},"end":{"line":87,"column":49}},{"start":{"line":87,"column":49},"end":{"line":87,"column":null}}],"line":87},"6":{"loc":{"start":{"line":88,"column":32},"end":{"line":88,"column":null}},"type":"binary-expr","locations":[{"start":{"line":88,"column":32},"end":{"line":88,"column":47}},{"start":{"line":88,"column":47},"end":{"line":88,"column":null}}],"line":88},"7":{"loc":{"start":{"line":100,"column":58},"end":{"line":100,"column":79}},"type":"binary-expr","locations":[{"start":{"line":100,"column":58},"end":{"line":100,"column":71}},{"start":{"line":100,"column":71},"end":{"line":100,"column":79}}],"line":100}},"s":{"0":1,"1":1,"2":2,"3":2,"4":2,"5":5,"6":5,"7":2,"8":2,"9":2,"10":1,"11":2,"12":2,"13":2,"14":2,"15":2,"16":2,"17":0,"18":0,"19":0,"20":0,"21":0,"22":0,"23":2},"f":{"0":2,"1":2,"2":5,"3":1,"4":2,"5":2,"6":0,"7":0},"b":{"0":[5,0],"1":[2,3],"2":[5,4],"3":[2,0],"4":[2,2],"5":[0,0],"6":[0,0],"7":[2,2]},"meta":{"lastBranch":8,"lastFunction":8,"lastStatement":24,"seen":{"s:7:0:7:Infinity":0,"s:14:77:106:Infinity":1,"f:14:77:14:78":0,"s:15:8:58:Infinity":2,"f:15:51:15:57":1,"s:17:43:17:Infinity":3,"s:19:4:27:Infinity":4,"f:19:17:19:25":2,"s:20:14:20:Infinity":5,"b:20:24:20:44:20:44:20:48":0,"b:23:8:26:Infinity:undefined:undefined:undefined:undefined":1,"s:23:8:26:Infinity":6,"b:23:12:23:39:23:39:23:66":2,"s:24:18:24:Infinity":7,"b:24:25:24:51:24:51:24:65":3,"s:25:12:25:Infinity":8,"b:25:27:25:42:25:42:25:47":4,"s:30:19:32:Infinity":9,"f:31:14:31:15":3,"s:31:32:31:37":10,"s:34:19:34:Infinity":11,"f:34:30:34:31":4,"s:34:39:34:40":12,"s:35:19:35:Infinity":13,"f:35:30:35:31":5,"s:35:41:35:42":14,"s:37:4:57:Infinity":15,"s:60:18:97:Infinity":16,"f:86:21:86:22":6,"s:87:32:87:Infinity":17,"b:87:32:87:49:87:49:87:Infinity":5,"s:88:32:88:Infinity":18,"b:88:32:88:47:88:47:88:Infinity":6,"s:89:32:89:Infinity":19,"f:89:60:89:61":7,"s:89:86:89:93":20,"s:90:24:90:Infinity":21,"s:91:18:91:Infinity":22,"s:99:2:104:Infinity":23,"b:100:58:100:71:100:71:100:79":7}}}
,"C:\\Users\\kisil\\Documents\\trae_projects\\QA4\\src\\components\\Dashboard\\KPICards.tsx": {"path":"C:\\Users\\kisil\\Documents\\trae_projects\\QA4\\src\\components\\Dashboard\\KPICards.tsx","statementMap":{"0":{"start":{"line":10,"column":49},"end":{"line":48,"column":null}},"1":{"start":{"line":11,"column":2},"end":{"line":46,"column":null}}},"fnMap":{"0":{"name":"(anonymous_0)","decl":{"start":{"line":10,"column":49},"end":{"line":10,"column":50}},"loc":{"start":{"line":10,"column":64},"end":{"line":48,"column":null}},"line":10}},"branchMap":{"0":{"loc":{"start":{"line":30,"column":13},"end":{"line":30,"column":null}},"type":"binary-expr","locations":[{"start":{"line":30,"column":13},"end":{"line":30,"column":32}},{"start":{"line":30,"column":32},"end":{"line":30,"column":null}}],"line":30},"1":{"loc":{"start":{"line":42,"column":13},"end":{"line":42,"column":null}},"type":"binary-expr","locations":[{"start":{"line":42,"column":13},"end":{"line":42,"column":34}},{"start":{"line":42,"column":34},"end":{"line":42,"column":null}}],"line":42}},"s":{"0":1,"1":2},"f":{"0":2},"b":{"0":[2,1],"1":[2,1]},"meta":{"lastBranch":2,"lastFunction":1,"lastStatement":2,"seen":{"s:10:49:48:Infinity":0,"f:10:49:10:50":0,"s:11:2:46:Infinity":1,"b:30:13:30:32:30:32:30:Infinity":0,"b:42:13:42:34:42:34:42:Infinity":1}}}
,"C:\\Users\\kisil\\Documents\\trae_projects\\QA4\\src\\components\\Dashboard\\ParetoChart.tsx": {"path":"C:\\Users\\kisil\\Documents\\trae_projects\\QA4\\src\\components\\Dashboard\\ParetoChart.tsx","statementMap":{"0":{"start":{"line":18,"column":0},"end":{"line":27,"column":null}},"1":{"start":{"line":34,"column":55},"end":{"line":164,"column":null}},"2":{"start":{"line":35,"column":8},"end":{"line":71,"column":null}},"3":{"start":{"line":37,"column":20},"end":{"line":37,"column":null}},"4":{"start":{"line":38,"column":19},"end":{"line":38,"column":null}},"5":{"start":{"line":38,"column":39},"end":{"line":38,"column":115}},"6":{"start":{"line":39,"column":19},"end":{"line":39,"column":null}},"7":{"start":{"line":39,"column":39},"end":{"line":39,"column":49}},"8":{"start":{"line":40,"column":23},"end":{"line":40,"column":null}},"9":{"start":{"line":40,"column":43},"end":{"line":40,"column":68}},"10":{"start":{"line":42,"column":4},"end":{"line":70,"column":null}},"11":{"start":{"line":73,"column":18},"end":{"line":155,"column":null}},"12":{"start":{"line":157,"column":2},"end":{"line":162,"column":null}}},"fnMap":{"0":{"name":"(anonymous_0)","decl":{"start":{"line":34,"column":55},"end":{"line":34,"column":56}},"loc":{"start":{"line":34,"column":80},"end":{"line":164,"column":null}},"line":34},"1":{"name":"(anonymous_1)","decl":{"start":{"line":35,"column":55},"end":{"line":35,"column":61}},"loc":{"start":{"line":35,"column":61},"end":{"line":71,"column":5}},"line":35},"2":{"name":"(anonymous_2)","decl":{"start":{"line":38,"column":31},"end":{"line":38,"column":39}},"loc":{"start":{"line":38,"column":39},"end":{"line":38,"column":115}},"line":38},"3":{"name":"(anonymous_3)","decl":{"start":{"line":39,"column":31},"end":{"line":39,"column":39}},"loc":{"start":{"line":39,"column":39},"end":{"line":39,"column":49}},"line":39},"4":{"name":"(anonymous_4)","decl":{"start":{"line":40,"column":35},"end":{"line":40,"column":43}},"loc":{"start":{"line":40,"column":43},"end":{"line":40,"column":68}},"line":40}},"branchMap":{"0":{"loc":{"start":{"line":38,"column":39},"end":{"line":38,"column":115}},"type":"cond-expr","locations":[{"start":{"line":38,"column":65},"end":{"line":38,"column":104}},{"start":{"line":38,"column":104},"end":{"line":38,"column":115}}],"line":38},"1":{"loc":{"start":{"line":158,"column":63},"end":{"line":158,"column":87}},"type":"binary-expr","locations":[{"start":{"line":158,"column":63},"end":{"line":158,"column":76}},{"start":{"line":158,"column":76},"end":{"line":158,"column":87}}],"line":158}},"s":{"0":1,"1":1,"2":2,"3":2,"4":2,"5":3,"6":2,"7":3,"8":2,"9":3,"10":2,"11":2,"12":2},"f":{"0":2,"1":2,"2":3,"3":3,"4":3},"b":{"0":[0,3],"1":[2,2]},"meta":{"lastBranch":2,"lastFunction":5,"lastStatement":13,"seen":{"s:18:0:27:Infinity":0,"s:34:55:164:Infinity":1,"f:34:55:34:56":0,"s:35:8:71:Infinity":2,"f:35:55:35:61":1,"s:37:20:37:Infinity":3,"s:38:19:38:Infinity":4,"f:38:31:38:39":2,"s:38:39:38:115":5,"b:38:65:38:104:38:104:38:115":0,"s:39:19:39:Infinity":6,"f:39:31:39:39":3,"s:39:39:39:49":7,"s:40:23:40:Infinity":8,"f:40:35:40:43":4,"s:40:43:40:68":9,"s:42:4:70:Infinity":10,"s:73:18:155:Infinity":11,"s:157:2:162:Infinity":12,"b:158:63:158:76:158:76:158:87":1}}}
,"C:\\Users\\kisil\\Documents\\trae_projects\\QA4\\src\\components\\Dashboard\\SupplierChart.tsx": {"path":"C:\\Users\\kisil\\Documents\\trae_projects\\QA4\\src\\components\\Dashboard\\SupplierChart.tsx","statementMap":{"0":{"start":{"line":16,"column":0},"end":{"line":23,"column":null}},"1":{"start":{"line":31,"column":59},"end":{"line":183,"column":null}},"2":{"start":{"line":32,"column":32},"end":{"line":32,"column":null}},"3":{"start":{"line":34,"column":8},"end":{"line":92,"column":null}},"4":{"start":{"line":36,"column":28},"end":{"line":36,"column":null}},"5":{"start":{"line":36,"column":53},"end":{"line":36,"column":84}},"6":{"start":{"line":39,"column":29},"end":{"line":39,"column":null}},"7":{"start":{"line":41,"column":19},"end":{"line":41,"column":null}},"8":{"start":{"line":41,"column":48},"end":{"line":41,"column":61}},"9":{"start":{"line":44,"column":49},"end":{"line":44,"column":null}},"10":{"start":{"line":45,"column":4},"end":{"line":47,"column":null}},"11":{"start":{"line":46,"column":8},"end":{"line":46,"column":null}},"12":{"start":{"line":48,"column":23},"end":{"line":51,"column":null}},"13":{"start":{"line":49,"column":32},"end":{"line":49,"column":37}},"14":{"start":{"line":51,"column":22},"end":{"line":51,"column":23}},"15":{"start":{"line":54,"column":21},"end":{"line":76,"column":null}},"16":{"start":{"line":56,"column":23},"end":{"line":63,"column":null}},"17":{"start":{"line":65,"column":22},"end":{"line":65,"column":null}},"18":{"start":{"line":67,"column":8},"end":{"line":75,"column":null}},"19":{"start":{"line":71,"column":16},"end":{"line":71,"column":null}},"20":{"start":{"line":71,"column":43},"end":{"line":71,"column":94}},"21":{"start":{"line":79,"column":4},"end":{"line":86,"column":null}},"22":{"start":{"line":82,"column":12},"end":{"line":82,"column":null}},"23":{"start":{"line":82,"column":39},"end":{"line":82,"column":101}},"24":{"start":{"line":88,"column":4},"end":{"line":91,"column":null}},"25":{"start":{"line":94,"column":18},"end":{"line":159,"column":null}},"26":{"start":{"line":119,"column":18},"end":{"line":129,"column":null}},"27":{"start":{"line":120,"column":35},"end":{"line":120,"column":null}},"28":{"start":{"line":121,"column":43},"end":{"line":121,"column":null}},"29":{"start":{"line":123,"column":43},"end":{"line":123,"column":null}},"30":{"start":{"line":123,"column":58},"end":{"line":123,"column":85}},"31":{"start":{"line":124,"column":22},"end":{"line":128,"column":null}},"32":{"start":{"line":125,"column":40},"end":{"line":125,"column":null}},"33":{"start":{"line":126,"column":32},"end":{"line":126,"column":null}},"34":{"start":{"line":127,"column":26},"end":{"line":127,"column":null}},"35":{"start":{"line":130,"column":18},"end":{"line":130,"column":null}},"36":{"start":{"line":162,"column":21},"end":{"line":162,"column":null}},"37":{"start":{"line":163,"column":17},"end":{"line":163,"column":null}},"38":{"start":{"line":165,"column":2},"end":{"line":181,"column":null}},"39":{"start":{"line":174,"column":31},"end":{"line":174,"column":null}}},"fnMap":{"0":{"name":"(anonymous_0)","decl":{"start":{"line":31,"column":59},"end":{"line":31,"column":60}},"loc":{"start":{"line":31,"column":93},"end":{"line":183,"column":null}},"line":31},"1":{"name":"(anonymous_1)","decl":{"start":{"line":34,"column":46},"end":{"line":34,"column":52}},"loc":{"start":{"line":34,"column":52},"end":{"line":92,"column":5}},"line":34},"2":{"name":"(anonymous_2)","decl":{"start":{"line":36,"column":43},"end":{"line":36,"column":44}},"loc":{"start":{"line":36,"column":53},"end":{"line":36,"column":84}},"line":36},"3":{"name":"(anonymous_3)","decl":{"start":{"line":41,"column":40},"end":{"line":41,"column":48}},"loc":{"start":{"line":41,"column":48},"end":{"line":41,"column":61}},"line":41},"4":{"name":"(anonymous_4)","decl":{"start":{"line":45,"column":20},"end":{"line":45,"column":25}},"loc":{"start":{"line":45,"column":25},"end":{"line":47,"column":5}},"line":45},"5":{"name":"(anonymous_5)","decl":{"start":{"line":49,"column":14},"end":{"line":49,"column":15}},"loc":{"start":{"line":49,"column":32},"end":{"line":49,"column":37}},"line":49},"6":{"name":"(anonymous_6)","decl":{"start":{"line":51,"column":13},"end":{"line":51,"column":14}},"loc":{"start":{"line":51,"column":22},"end":{"line":51,"column":23}},"line":51},"7":{"name":"(anonymous_7)","decl":{"start":{"line":54,"column":36},"end":{"line":54,"column":37}},"loc":{"start":{"line":54,"column":55},"end":{"line":76,"column":5}},"line":54},"8":{"name":"(anonymous_8)","decl":{"start":{"line":69,"column":29},"end":{"line":69,"column":41}},"loc":{"start":{"line":69,"column":41},"end":{"line":72,"column":13}},"line":69},"9":{"name":"(anonymous_9)","decl":{"start":{"line":71,"column":38},"end":{"line":71,"column":43}},"loc":{"start":{"line":71,"column":43},"end":{"line":71,"column":94}},"line":71},"10":{"name":"(anonymous_10)","decl":{"start":{"line":81,"column":25},"end":{"line":81,"column":37}},"loc":{"start":{"line":81,"column":37},"end":{"line":83,"column":9}},"line":81},"11":{"name":"(anonymous_11)","decl":{"start":{"line":82,"column":34},"end":{"line":82,"column":39}},"loc":{"start":{"line":82,"column":39},"end":{"line":82,"column":101}},"line":82},"12":{"name":"(anonymous_12)","decl":{"start":{"line":116,"column":25},"end":{"line":116,"column":26}},"loc":{"start":{"line":116,"column":48},"end":{"line":131,"column":null}},"line":116},"13":{"name":"(anonymous_13)","decl":{"start":{"line":123,"column":53},"end":{"line":123,"column":58}},"loc":{"start":{"line":123,"column":58},"end":{"line":123,"column":85}},"line":123},"14":{"name":"(anonymous_14)","decl":{"start":{"line":174,"column":25},"end":{"line":174,"column":31}},"loc":{"start":{"line":174,"column":31},"end":{"line":174,"column":null}},"line":174}},"branchMap":{"0":{"loc":{"start":{"line":39,"column":29},"end":{"line":39,"column":null}},"type":"cond-expr","locations":[{"start":{"line":39,"column":39},"end":{"line":39,"column":57}},{"start":{"line":39,"column":57},"end":{"line":39,"column":null}}],"line":39},"1":{"loc":{"start":{"line":46,"column":39},"end":{"line":46,"column":75}},"type":"binary-expr","locations":[{"start":{"line":46,"column":39},"end":{"line":46,"column":70}},{"start":{"line":46,"column":70},"end":{"line":46,"column":75}}],"line":46},"2":{"loc":{"start":{"line":71,"column":43},"end":{"line":71,"column":94}},"type":"binary-expr","locations":[{"start":{"line":71,"column":43},"end":{"line":71,"column":70}},{"start":{"line":71,"column":70},"end":{"line":71,"column":94}}],"line":71},"3":{"loc":{"start":{"line":82,"column":39},"end":{"line":82,"column":101}},"type":"binary-expr","locations":[{"start":{"line":82,"column":39},"end":{"line":82,"column":66}},{"start":{"line":82,"column":66},"end":{"line":82,"column":101}}],"line":82},"4":{"loc":{"start":{"line":119,"column":18},"end":{"line":129,"column":null}},"type":"if","locations":[{"start":{"line":119,"column":18},"end":{"line":129,"column":null}},{"start":{},"end":{}}],"line":119},"5":{"loc":{"start":{"line":124,"column":22},"end":{"line":128,"column":null}},"type":"if","locations":[{"start":{"line":124,"column":22},"end":{"line":128,"column":null}},{"start":{},"end":{}}],"line":124},"6":{"loc":{"start":{"line":162,"column":21},"end":{"line":162,"column":null}},"type":"cond-expr","locations":[{"start":{"line":162,"column":31},"end":{"line":162,"column":45}},{"start":{"line":162,"column":45},"end":{"line":162,"column":null}}],"line":162},"7":{"loc":{"start":{"line":166,"column":66},"end":{"line":166,"column":81}},"type":"binary-expr","locations":[{"start":{"line":166,"column":66},"end":{"line":166,"column":79}},{"start":{"line":166,"column":79},"end":{"line":166,"column":81}}],"line":166},"8":{"loc":{"start":{"line":171,"column":7},"end":{"line":179,"column":null}},"type":"binary-expr","locations":[{"start":{"line":171,"column":7},"end":{"line":171,"column":null}},{"start":{"line":172,"column":8},"end":{"line":179,"column":null}}],"line":171},"9":{"loc":{"start":{"line":177,"column":17},"end":{"line":177,"column":null}},"type":"cond-expr","locations":[{"start":{"line":177,"column":27},"end":{"line":177,"column":58}},{"start":{"line":177,"column":58},"end":{"line":177,"column":null}}],"line":177}},"s":{"0":1,"1":1,"2":3,"3":3,"4":3,"5":30,"6":3,"7":3,"8":28,"9":3,"10":3,"11":31,"12":3,"13":0,"14":3,"15":3,"16":3,"17":3,"18":3,"19":28,"20":378,"21":3,"22":28,"23":378,"24":3,"25":3,"26":0,"27":0,"28":0,"29":0,"30":0,"31":0,"32":0,"33":0,"34":0,"35":0,"36":3,"37":3,"38":3,"39":1},"f":{"0":3,"1":3,"2":30,"3":28,"4":31,"5":0,"6":3,"7":3,"8":28,"9":378,"10":28,"11":378,"12":0,"13":0,"14":1},"b":{"0":[1,2],"1":[31,3],"2":[378,26],"3":[378,26],"4":[0,0],"5":[0,0],"6":[1,2],"7":[3,3],"8":[3,2],"9":[1,1]},"meta":{"lastBranch":10,"lastFunction":15,"lastStatement":40,"seen":{"s:16:0:23:Infinity":0,"s:31:59:183:Infinity":1,"f:31:59:31:60":0,"s:32:32:32:Infinity":2,"s:34:8:92:Infinity":3,"f:34:46:34:52":1,"s:36:28:36:Infinity":4,"f:36:43:36:44":2,"s:36:53:36:84":5,"s:39:29:39:Infinity":6,"b:39:39:39:57:39:57:39:Infinity":0,"s:41:19:41:Infinity":7,"f:41:40:41:48":3,"s:41:48:41:61":8,"s:44:49:44:Infinity":9,"s:45:4:47:Infinity":10,"f:45:20:45:25":4,"s:46:8:46:Infinity":11,"b:46:39:46:70:46:70:46:75":1,"s:48:23:51:Infinity":12,"f:49:14:49:15":5,"s:49:32:49:37":13,"f:51:13:51:14":6,"s:51:22:51:23":14,"s:54:21:76:Infinity":15,"f:54:36:54:37":7,"s:56:23:63:Infinity":16,"s:65:22:65:Infinity":17,"s:67:8:75:Infinity":18,"f:69:29:69:41":8,"s:71:16:71:Infinity":19,"f:71:38:71:43":9,"s:71:43:71:94":20,"b:71:43:71:70:71:70:71:94":2,"s:79:4:86:Infinity":21,"f:81:25:81:37":10,"s:82:12:82:Infinity":22,"f:82:34:82:39":11,"s:82:39:82:101":23,"b:82:39:82:66:82:66:82:101":3,"s:88:4:91:Infinity":24,"s:94:18:159:Infinity":25,"f:116:25:116:26":12,"b:119:18:129:Infinity:undefined:undefined:undefined:undefined":4,"s:119:18:129:Infinity":26,"s:120:35:120:Infinity":27,"s:121:43:121:Infinity":28,"s:123:43:123:Infinity":29,"f:123:53:123:58":13,"s:123:58:123:85":30,"b:124:22:128:Infinity:undefined:undefined:undefined:undefined":5,"s:124:22:128:Infinity":31,"s:125:40:125:Infinity":32,"s:126:32:126:Infinity":33,"s:127:26:127:Infinity":34,"s:130:18:130:Infinity":35,"s:162:21:162:Infinity":36,"b:162:31:162:45:162:45:162:Infinity":6,"s:163:17:163:Infinity":37,"s:165:2:181:Infinity":38,"b:166:66:166:79:166:79:166:81":7,"b:171:7:171:Infinity:172:8:179:Infinity":8,"f:174:25:174:31":14,"s:174:31:174:Infinity":39,"b:177:27:177:58:177:58:177:Infinity":9}}}
,"C:\\Users\\kisil\\Documents\\trae_projects\\QA4\\src\\components\\FileUpload\\FileDropZone.tsx": {"path":"C:\\Users\\kisil\\Documents\\trae_projects\\QA4\\src\\components\\FileUpload\\FileDropZone.tsx","statementMap":{"0":{"start":{"line":10,"column":57},"end":{"line":103,"column":null}},"1":{"start":{"line":11,"column":34},"end":{"line":11,"column":null}},"2":{"start":{"line":12,"column":28},"end":{"line":12,"column":null}},"3":{"start":{"line":13,"column":24},"end":{"line":13,"column":null}},"4":{"start":{"line":15,"column":8},"end":{"line":23,"column":null}},"5":{"start":{"line":16,"column":4},"end":{"line":16,"column":null}},"6":{"start":{"line":17,"column":4},"end":{"line":17,"column":null}},"7":{"start":{"line":18,"column":4},"end":{"line":22,"column":null}},"8":{"start":{"line":19,"column":6},"end":{"line":19,"column":null}},"9":{"start":{"line":20,"column":4},"end":{"line":22,"column":null}},"10":{"start":{"line":21,"column":6},"end":{"line":21,"column":null}},"11":{"start":{"line":25,"column":22},"end":{"line":40,"column":null}},"12":{"start":{"line":26,"column":4},"end":{"line":26,"column":null}},"13":{"start":{"line":27,"column":4},"end":{"line":27,"column":null}},"14":{"start":{"line":28,"column":4},"end":{"line":39,"column":null}},"15":{"start":{"line":29,"column":49},"end":{"line":29,"column":null}},"16":{"start":{"line":30,"column":6},"end":{"line":32,"column":null}},"17":{"start":{"line":31,"column":8},"end":{"line":31,"column":null}},"18":{"start":{"line":33,"column":6},"end":{"line":33,"column":null}},"19":{"start":{"line":35,"column":6},"end":{"line":35,"column":null}},"20":{"start":{"line":36,"column":6},"end":{"line":36,"column":null}},"21":{"start":{"line":38,"column":6},"end":{"line":38,"column":null}},"22":{"start":{"line":42,"column":8},"end":{"line":49,"column":null}},"23":{"start":{"line":43,"column":4},"end":{"line":43,"column":null}},"24":{"start":{"line":44,"column":4},"end":{"line":44,"column":null}},"25":{"start":{"line":45,"column":4},"end":{"line":45,"column":null}},"26":{"start":{"line":46,"column":4},"end":{"line":48,"column":null}},"27":{"start":{"line":47,"column":6},"end":{"line":47,"column":null}},"28":{"start":{"line":51,"column":23},"end":{"line":55,"column":null}},"29":{"start":{"line":52,"column":4},"end":{"line":54,"column":null}},"30":{"start":{"line":53,"column":6},"end":{"line":53,"column":null}},"31":{"start":{"line":57,"column":2},"end":{"line":101,"column":null}}},"fnMap":{"0":{"name":"(anonymous_0)","decl":{"start":{"line":10,"column":57},"end":{"line":10,"column":58}},"loc":{"start":{"line":10,"column":79},"end":{"line":103,"column":null}},"line":10},"1":{"name":"(anonymous_1)","decl":{"start":{"line":15,"column":33},"end":{"line":15,"column":34}},"loc":{"start":{"line":15,"column":57},"end":{"line":23,"column":5}},"line":15},"2":{"name":"(anonymous_2)","decl":{"start":{"line":25,"column":22},"end":{"line":25,"column":29}},"loc":{"start":{"line":25,"column":44},"end":{"line":40,"column":null}},"line":25},"3":{"name":"(anonymous_3)","decl":{"start":{"line":42,"column":33},"end":{"line":42,"column":34}},"loc":{"start":{"line":42,"column":57},"end":{"line":49,"column":5}},"line":42},"4":{"name":"(anonymous_4)","decl":{"start":{"line":51,"column":23},"end":{"line":51,"column":24}},"loc":{"start":{"line":51,"column":67},"end":{"line":55,"column":null}},"line":51}},"branchMap":{"0":{"loc":{"start":{"line":18,"column":4},"end":{"line":22,"column":null}},"type":"if","locations":[{"start":{"line":18,"column":4},"end":{"line":22,"column":null}},{"start":{"line":20,"column":4},"end":{"line":22,"column":null}}],"line":18},"1":{"loc":{"start":{"line":18,"column":8},"end":{"line":18,"column":57}},"type":"binary-expr","locations":[{"start":{"line":18,"column":8},"end":{"line":18,"column":34}},{"start":{"line":18,"column":34},"end":{"line":18,"column":57}}],"line":18},"2":{"loc":{"start":{"line":20,"column":4},"end":{"line":22,"column":null}},"type":"if","locations":[{"start":{"line":20,"column":4},"end":{"line":22,"column":null}},{"start":{},"end":{}}],"line":20},"3":{"loc":{"start":{"line":30,"column":6},"end":{"line":32,"column":null}},"type":"if","locations":[{"start":{"line":30,"column":6},"end":{"line":32,"column":null}},{"start":{},"end":{}}],"line":30},"4":{"loc":{"start":{"line":36,"column":15},"end":{"line":36,"column":55}},"type":"binary-expr","locations":[{"start":{"line":36,"column":15},"end":{"line":36,"column":30}},{"start":{"line":36,"column":30},"end":{"line":36,"column":55}}],"line":36},"5":{"loc":{"start":{"line":46,"column":4},"end":{"line":48,"column":null}},"type":"if","locations":[{"start":{"line":46,"column":4},"end":{"line":48,"column":null}},{"start":{},"end":{}}],"line":46},"6":{"loc":{"start":{"line":46,"column":8},"end":{"line":46,"column":57}},"type":"binary-expr","locations":[{"start":{"line":46,"column":8},"end":{"line":46,"column":32}},{"start":{"line":46,"column":32},"end":{"line":46,"column":57}}],"line":46},"7":{"loc":{"start":{"line":52,"column":4},"end":{"line":54,"column":null}},"type":"if","locations":[{"start":{"line":52,"column":4},"end":{"line":54,"column":null}},{"start":{},"end":{}}],"line":52},"8":{"loc":{"start":{"line":52,"column":8},"end":{"line":52,"column":45}},"type":"binary-expr","locations":[{"start":{"line":52,"column":8},"end":{"line":52,"column":26}},{"start":{"line":52,"column":26},"end":{"line":52,"column":45}}],"line":52},"9":{"loc":{"start":{"line":60,"column":8},"end":{"line":60,"column":98}},"type":"cond-expr","locations":[{"start":{"line":60,"column":21},"end":{"line":60,"column":56}},{"start":{"line":60,"column":56},"end":{"line":60,"column":98}}],"line":60},"10":{"loc":{"start":{"line":76,"column":44},"end":{"line":76,"column":86}},"type":"cond-expr","locations":[{"start":{"line":76,"column":54},"end":{"line":76,"column":73}},{"start":{"line":76,"column":73},"end":{"line":76,"column":86}}],"line":76},"11":{"loc":{"start":{"line":77,"column":11},"end":{"line":82,"column":null}},"type":"cond-expr","locations":[{"start":{"line":78,"column":12},"end":{"line":78,"column":null}},{"start":{"line":79,"column":14},"end":{"line":82,"column":null}}],"line":77},"12":{"loc":{"start":{"line":79,"column":14},"end":{"line":82,"column":null}},"type":"cond-expr","locations":[{"start":{"line":80,"column":12},"end":{"line":80,"column":null}},{"start":{"line":82,"column":12},"end":{"line":82,"column":null}}],"line":79},"13":{"loc":{"start":{"line":88,"column":13},"end":{"line":88,"column":null}},"type":"cond-expr","locations":[{"start":{"line":88,"column":23},"end":{"line":88,"column":47}},{"start":{"line":88,"column":47},"end":{"line":88,"column":null}}],"line":88},"14":{"loc":{"start":{"line":95,"column":9},"end":{"line":98,"column":null}},"type":"binary-expr","locations":[{"start":{"line":95,"column":9},"end":{"line":95,"column":null}},{"start":{"line":96,"column":10},"end":{"line":98,"column":null}}],"line":95}},"s":{"0":1,"1":7,"2":7,"3":7,"4":7,"5":0,"6":0,"7":0,"8":0,"9":0,"10":0,"11":7,"12":2,"13":2,"14":2,"15":2,"16":1,"17":0,"18":1,"19":1,"20":1,"21":2,"22":7,"23":0,"24":0,"25":0,"26":0,"27":0,"28":7,"29":2,"30":2,"31":7},"f":{"0":7,"1":0,"2":2,"3":0,"4":2},"b":{"0":[0,0],"1":[0,0],"2":[0,0],"3":[0,1],"4":[1,0],"5":[0,0],"6":[0,0],"7":[2,0],"8":[2,2],"9":[0,7],"10":[2,5],"11":[2,5],"12":[1,4],"13":[2,5],"14":[7,1]},"meta":{"lastBranch":15,"lastFunction":5,"lastStatement":32,"seen":{"s:10:57:103:Infinity":0,"f:10:57:10:58":0,"s:11:34:11:Infinity":1,"s:12:28:12:Infinity":2,"s:13:24:13:Infinity":3,"s:15:8:23:Infinity":4,"f:15:33:15:34":1,"s:16:4:16:Infinity":5,"s:17:4:17:Infinity":6,"b:18:4:22:Infinity:20:4:22:Infinity":0,"s:18:4:22:Infinity":7,"b:18:8:18:34:18:34:18:57":1,"s:19:6:19:Infinity":8,"b:20:4:22:Infinity:undefined:undefined:undefined:undefined":2,"s:20:4:22:Infinity":9,"s:21:6:21:Infinity":10,"s:25:22:40:Infinity":11,"f:25:22:25:29":2,"s:26:4:26:Infinity":12,"s:27:4:27:Infinity":13,"s:28:4:39:Infinity":14,"s:29:49:29:Infinity":15,"b:30:6:32:Infinity:undefined:undefined:undefined:undefined":3,"s:30:6:32:Infinity":16,"s:31:8:31:Infinity":17,"s:33:6:33:Infinity":18,"s:35:6:35:Infinity":19,"s:36:6:36:Infinity":20,"b:36:15:36:30:36:30:36:55":4,"s:38:6:38:Infinity":21,"s:42:8:49:Infinity":22,"f:42:33:42:34":3,"s:43:4:43:Infinity":23,"s:44:4:44:Infinity":24,"s:45:4:45:Infinity":25,"b:46:4:48:Infinity:undefined:undefined:undefined:undefined":5,"s:46:4:48:Infinity":26,"b:46:8:46:32:46:32:46:57":6,"s:47:6:47:Infinity":27,"s:51:23:55:Infinity":28,"f:51:23:51:24":4,"b:52:4:54:Infinity:undefined:undefined:undefined:undefined":7,"s:52:4:54:Infinity":29,"b:52:8:52:26:52:26:52:45":8,"s:53:6:53:Infinity":30,"s:57:2:101:Infinity":31,"b:60:21:60:56:60:56:60:98":9,"b:76:54:76:73:76:73:76:86":10,"b:78:12:78:Infinity:79:14:82:Infinity":11,"b:80:12:80:Infinity:82:12:82:Infinity":12,"b:88:23:88:47:88:47:88:Infinity":13,"b:95:9:95:Infinity:96:10:98:Infinity":14}}}
,"C:\\Users\\kisil\\Documents\\trae_projects\\QA4\\src\\components\\FileUpload\\FilePreview.tsx": {"path":"C:\\Users\\kisil\\Documents\\trae_projects\\QA4\\src\\components\\FileUpload\\FilePreview.tsx","statementMap":{"0":{"start":{"line":11,"column":55},"end":{"line":57,"column":null}},"1":{"start":{"line":12,"column":38},"end":{"line":12,"column":null}},"2":{"start":{"line":13,"column":22},"end":{"line":13,"column":null}},"3":{"start":{"line":15,"column":25},"end":{"line":17,"column":null}},"4":{"start":{"line":16,"column":4},"end":{"line":16,"column":null}},"5":{"start":{"line":16,"column":28},"end":{"line":16,"column":60}},"6":{"start":{"line":19,"column":2},"end":{"line":55,"column":null}},"7":{"start":{"line":33,"column":14},"end":{"line":38,"column":null}}},"fnMap":{"0":{"name":"(anonymous_0)","decl":{"start":{"line":11,"column":55},"end":{"line":11,"column":56}},"loc":{"start":{"line":11,"column":80},"end":{"line":57,"column":null}},"line":11},"1":{"name":"(anonymous_1)","decl":{"start":{"line":15,"column":25},"end":{"line":15,"column":31}},"loc":{"start":{"line":15,"column":31},"end":{"line":17,"column":null}},"line":15},"2":{"name":"(anonymous_2)","decl":{"start":{"line":16,"column":20},"end":{"line":16,"column":28}},"loc":{"start":{"line":16,"column":28},"end":{"line":16,"column":60}},"line":16},"3":{"name":"(anonymous_3)","decl":{"start":{"line":32,"column":29},"end":{"line":32,"column":30}},"loc":{"start":{"line":33,"column":14},"end":{"line":38,"column":null}},"line":33}},"branchMap":{"0":{"loc":{"start":{"line":20,"column":142},"end":{"line":20,"column":161}},"type":"binary-expr","locations":[{"start":{"line":20,"column":142},"end":{"line":20,"column":155}},{"start":{"line":20,"column":155},"end":{"line":20,"column":161}}],"line":20},"1":{"loc":{"start":{"line":44,"column":7},"end":{"line":49,"column":null}},"type":"binary-expr","locations":[{"start":{"line":44,"column":7},"end":{"line":44,"column":null}},{"start":{"line":45,"column":8},"end":{"line":49,"column":null}}],"line":44}},"s":{"0":1,"1":2,"2":2,"3":2,"4":0,"5":0,"6":2,"7":20},"f":{"0":2,"1":0,"2":0,"3":20},"b":{"0":[2,2],"1":[2,2]},"meta":{"lastBranch":2,"lastFunction":4,"lastStatement":8,"seen":{"s:11:55:57:Infinity":0,"f:11:55:11:56":0,"s:12:38:12:Infinity":1,"s:13:22:13:Infinity":2,"s:15:25:17:Infinity":3,"f:15:25:15:31":1,"s:16:4:16:Infinity":4,"f:16:20:16:28":2,"s:16:28:16:60":5,"s:19:2:55:Infinity":6,"b:20:142:20:155:20:155:20:161":0,"f:32:29:32:30":3,"s:33:14:38:Infinity":7,"b:44:7:44:Infinity:45:8:49:Infinity":1}}}
,"C:\\Users\\kisil\\Documents\\trae_projects\\QA4\\src\\components\\UI\\GlassCard.tsx": {"path":"C:\\Users\\kisil\\Documents\\trae_projects\\QA4\\src\\components\\UI\\GlassCard.tsx","statementMap":{"0":{"start":{"line":11,"column":51},"end":{"line":24,"column":null}},"1":{"start":{"line":12,"column":2},"end":{"line":22,"column":null}}},"fnMap":{"0":{"name":"(anonymous_0)","decl":{"start":{"line":11,"column":51},"end":{"line":11,"column":52}},"loc":{"start":{"line":11,"column":111},"end":{"line":24,"column":null}},"line":11}},"branchMap":{"0":{"loc":{"start":{"line":11,"column":64},"end":{"line":11,"column":80}},"type":"default-arg","locations":[{"start":{"line":11,"column":76},"end":{"line":11,"column":80}}],"line":11},"1":{"loc":{"start":{"line":11,"column":87},"end":{"line":11,"column":105}},"type":"default-arg","locations":[{"start":{"line":11,"column":99},"end":{"line":11,"column":105}}],"line":11},"2":{"loc":{"start":{"line":17,"column":48},"end":{"line":17,"column":115}},"type":"cond-expr","locations":[{"start":{"line":17,"column":60},"end":{"line":17,"column":113}},{"start":{"line":17,"column":113},"end":{"line":17,"column":115}}],"line":17},"3":{"loc":{"start":{"line":18,"column":13},"end":{"line":18,"column":null}},"type":"cond-expr","locations":[{"start":{"line":18,"column":25},"end":{"line":18,"column":46}},{"start":{"line":18,"column":46},"end":{"line":18,"column":null}}],"line":18},"4":{"loc":{"start":{"line":20,"column":7},"end":{"line":20,"column":null}},"type":"binary-expr","locations":[{"start":{"line":20,"column":7},"end":{"line":20,"column":16}},{"start":{"line":20,"column":16},"end":{"line":20,"column":null}}],"line":20}},"s":{"0":6,"1":23},"f":{"0":23},"b":{"0":[23],"1":[23],"2":[0,23],"3":[0,23],"4":[23,2]},"meta":{"lastBranch":5,"lastFunction":1,"lastStatement":2,"seen":{"s:11:51:24:Infinity":0,"f:11:51:11:52":0,"b:11:76:11:80":0,"b:11:99:11:105":1,"s:12:2:22:Infinity":1,"b:17:60:17:113:17:113:17:115":2,"b:18:25:18:46:18:46:18:Infinity":3,"b:20:7:20:16:20:16:20:Infinity":4}}}
,"C:\\Users\\kisil\\Documents\\trae_projects\\QA4\\src\\components\\UI\\IOSButton.tsx": {"path":"C:\\Users\\kisil\\Documents\\trae_projects\\QA4\\src\\components\\UI\\IOSButton.tsx","statementMap":{"0":{"start":{"line":10,"column":51},"end":{"line":25,"column":null}},"1":{"start":{"line":11,"column":20},"end":{"line":11,"column":null}},"2":{"start":{"line":12,"column":23},"end":{"line":12,"column":null}},"3":{"start":{"line":14,"column":20},"end":{"line":14,"column":null}},"4":{"start":{"line":16,"column":2},"end":{"line":23,"column":null}}},"fnMap":{"0":{"name":"(anonymous_0)","decl":{"start":{"line":10,"column":51},"end":{"line":10,"column":52}},"loc":{"start":{"line":10,"column":120},"end":{"line":25,"column":null}},"line":10}},"branchMap":{"0":{"loc":{"start":{"line":10,"column":54},"end":{"line":10,"column":75}},"type":"default-arg","locations":[{"start":{"line":10,"column":64},"end":{"line":10,"column":75}}],"line":10},"1":{"loc":{"start":{"line":10,"column":75},"end":{"line":10,"column":91}},"type":"default-arg","locations":[{"start":{"line":10,"column":87},"end":{"line":10,"column":91}}],"line":10},"2":{"loc":{"start":{"line":12,"column":23},"end":{"line":12,"column":null}},"type":"cond-expr","locations":[{"start":{"line":12,"column":47},"end":{"line":12,"column":63}},{"start":{"line":12,"column":63},"end":{"line":12,"column":null}}],"line":12},"3":{"loc":{"start":{"line":14,"column":20},"end":{"line":14,"column":null}},"type":"binary-expr","locations":[{"start":{"line":14,"column":20},"end":{"line":14,"column":26}},{"start":{"line":14,"column":26},"end":{"line":14,"column":null}}],"line":14}},"s":{"0":2,"1":10,"2":10,"3":10,"4":10},"f":{"0":10},"b":{"0":[10],"1":[10],"2":[8,2],"3":[10,10]},"meta":{"lastBranch":4,"lastFunction":1,"lastStatement":5,"seen":{"s:10:51:25:Infinity":0,"f:10:51:10:52":0,"b:10:64:10:75":0,"b:10:87:10:91":1,"s:11:20:11:Infinity":1,"s:12:23:12:Infinity":2,"b:12:47:12:63:12:63:12:Infinity":2,"s:14:20:14:Infinity":3,"b:14:20:14:26:14:26:14:Infinity":3,"s:16:2:23:Infinity":4}}}
,"C:\\Users\\kisil\\Documents\\trae_projects\\QA4\\src\\utils\\dataProcessor.ts": {"path":"C:\\Users\\kisil\\Documents\\trae_projects\\QA4\\src\\utils\\dataProcessor.ts","statementMap":{"0":{"start":{"line":4,"column":25},"end":{"line":106,"column":null}},"1":{"start":{"line":5,"column":2},"end":{"line":105,"column":null}},"2":{"start":{"line":6,"column":19},"end":{"line":6,"column":null}},"3":{"start":{"line":7,"column":4},"end":{"line":102,"column":null}},"4":{"start":{"line":8,"column":6},"end":{"line":101,"column":null}},"5":{"start":{"line":9,"column":21},"end":{"line":9,"column":null}},"6":{"start":{"line":11,"column":25},"end":{"line":11,"column":null}},"7":{"start":{"line":12,"column":31},"end":{"line":12,"column":null}},"8":{"start":{"line":13,"column":26},"end":{"line":13,"column":null}},"9":{"start":{"line":16,"column":22},"end":{"line":16,"column":null}},"10":{"start":{"line":19,"column":8},"end":{"line":42,"column":null}},"11":{"start":{"line":21,"column":30},"end":{"line":21,"column":null}},"12":{"start":{"line":22,"column":29},"end":{"line":22,"column":null}},"13":{"start":{"line":23,"column":13},"end":{"line":24,"column":null}},"14":{"start":{"line":23,"column":42},"end":{"line":23,"column":null}},"15":{"start":{"line":23,"column":54},"end":{"line":24,"column":null}},"16":{"start":{"line":24,"column":46},"end":{"line":24,"column":null}},"17":{"start":{"line":26,"column":13},"end":{"line":41,"column":null}},"18":{"start":{"line":30,"column":17},"end":{"line":35,"column":null}},"19":{"start":{"line":31,"column":21},"end":{"line":33,"column":null}},"20":{"start":{"line":32,"column":25},"end":{"line":32,"column":null}},"21":{"start":{"line":34,"column":21},"end":{"line":34,"column":null}},"22":{"start":{"line":47,"column":31},"end":{"line":54,"column":null}},"23":{"start":{"line":48,"column":12},"end":{"line":48,"column":null}},"24":{"start":{"line":48,"column":26},"end":{"line":48,"column":null}},"25":{"start":{"line":49,"column":12},"end":{"line":53,"column":null}},"26":{"start":{"line":50,"column":16},"end":{"line":50,"column":null}},"27":{"start":{"line":50,"column":27},"end":{"line":50,"column":null}},"28":{"start":{"line":51,"column":28},"end":{"line":51,"column":null}},"29":{"start":{"line":52,"column":16},"end":{"line":52,"column":null}},"30":{"start":{"line":56,"column":8},"end":{"line":59,"column":null}},"31":{"start":{"line":57,"column":12},"end":{"line":57,"column":null}},"32":{"start":{"line":58,"column":12},"end":{"line":58,"column":null}},"33":{"start":{"line":62,"column":24},"end":{"line":62,"column":null}},"34":{"start":{"line":62,"column":60},"end":{"line":62,"column":102}},"35":{"start":{"line":66,"column":39},"end":{"line":66,"column":null}},"36":{"start":{"line":67,"column":8},"end":{"line":79,"column":null}},"37":{"start":{"line":67,"column":21},"end":{"line":67,"column":41}},"38":{"start":{"line":68,"column":24},"end":{"line":68,"column":null}},"39":{"start":{"line":69,"column":12},"end":{"line":69,"column":null}},"40":{"start":{"line":69,"column":42},"end":{"line":69,"column":null}},"41":{"start":{"line":71,"column":32},"end":{"line":71,"column":null}},"42":{"start":{"line":72,"column":12},"end":{"line":77,"column":null}},"43":{"start":{"line":74,"column":16},"end":{"line":76,"column":null}},"44":{"start":{"line":75,"column":20},"end":{"line":75,"column":null}},"45":{"start":{"line":78,"column":12},"end":{"line":78,"column":null}},"46":{"start":{"line":82,"column":49},"end":{"line":89,"column":null}},"47":{"start":{"line":83,"column":32},"end":{"line":83,"column":null}},"48":{"start":{"line":84,"column":12},"end":{"line":87,"column":null}},"49":{"start":{"line":85,"column":38},"end":{"line":85,"column":null}},"50":{"start":{"line":86,"column":16},"end":{"line":86,"column":null}},"51":{"start":{"line":88,"column":12},"end":{"line":88,"column":null}},"52":{"start":{"line":91,"column":28},"end":{"line":91,"column":null}},"53":{"start":{"line":92,"column":31},"end":{"line":92,"column":null}},"54":{"start":{"line":94,"column":8},"end":{"line":98,"column":null}},"55":{"start":{"line":100,"column":8},"end":{"line":100,"column":null}},"56":{"start":{"line":103,"column":4},"end":{"line":103,"column":null}},"57":{"start":{"line":103,"column":32},"end":{"line":103,"column":null}},"58":{"start":{"line":104,"column":4},"end":{"line":104,"column":null}},"59":{"start":{"line":108,"column":28},"end":{"line":123,"column":null}},"60":{"start":{"line":109,"column":17},"end":{"line":109,"column":null}},"61":{"start":{"line":110,"column":24},"end":{"line":110,"column":null}},"62":{"start":{"line":112,"column":16},"end":{"line":112,"column":null}},"63":{"start":{"line":114,"column":2},"end":{"line":116,"column":null}},"64":{"start":{"line":115,"column":4},"end":{"line":115,"column":null}},"65":{"start":{"line":115,"column":27},"end":{"line":115,"column":null}},"66":{"start":{"line":118,"column":2},"end":{"line":120,"column":null}},"67":{"start":{"line":119,"column":4},"end":{"line":119,"column":null}},"68":{"start":{"line":119,"column":27},"end":{"line":119,"column":null}},"69":{"start":{"line":122,"column":2},"end":{"line":122,"column":null}},"70":{"start":{"line":125,"column":29},"end":{"line":146,"column":null}},"71":{"start":{"line":126,"column":2},"end":{"line":145,"column":null}},"72":{"start":{"line":126,"column":38},"end":{"line":139,"column":4}},"73":{"start":{"line":140,"column":4},"end":{"line":144,"column":null}},"74":{"start":{"line":148,"column":31},"end":{"line":173,"column":null}},"75":{"start":{"line":149,"column":47},"end":{"line":149,"column":null}},"76":{"start":{"line":151,"column":2},"end":{"line":154,"column":null}},"77":{"start":{"line":152,"column":19},"end":{"line":152,"column":null}},"78":{"start":{"line":153,"column":4},"end":{"line":153,"column":null}},"79":{"start":{"line":156,"column":24},"end":{"line":158,"column":null}},"80":{"start":{"line":157,"column":28},"end":{"line":157,"column":33}},"81":{"start":{"line":158,"column":31},"end":{"line":158,"column":49}},"82":{"start":{"line":160,"column":16},"end":{"line":160,"column":null}},"83":{"start":{"line":160,"column":52},"end":{"line":160,"column":70}},"84":{"start":{"line":161,"column":19},"end":{"line":161,"column":null}},"85":{"start":{"line":163,"column":2},"end":{"line":172,"column":null}},"86":{"start":{"line":164,"column":24},"end":{"line":164,"column":null}},"87":{"start":{"line":165,"column":4},"end":{"line":165,"column":null}},"88":{"start":{"line":166,"column":4},"end":{"line":171,"column":null}},"89":{"start":{"line":175,"column":28},"end":{"line":192,"column":null}},"90":{"start":{"line":176,"column":49},"end":{"line":176,"column":null}},"91":{"start":{"line":178,"column":2},"end":{"line":181,"column":null}},"92":{"start":{"line":179,"column":21},"end":{"line":179,"column":null}},"93":{"start":{"line":180,"column":4},"end":{"line":180,"column":null}},"94":{"start":{"line":183,"column":16},"end":{"line":183,"column":null}},"95":{"start":{"line":185,"column":2},"end":{"line":191,"column":null}},"96":{"start":{"line":186,"column":33},"end":{"line":190,"column":6}},"97":{"start":{"line":191,"column":20},"end":{"line":191,"column":51}}},"fnMap":{"0":{"name":"(anonymous_0)","decl":{"start":{"line":4,"column":25},"end":{"line":4,"column":26}},"loc":{"start":{"line":4,"column":62},"end":{"line":106,"column":null}},"line":4},"1":{"name":"(anonymous_1)","decl":{"start":{"line":5,"column":21},"end":{"line":5,"column":22}},"loc":{"start":{"line":5,"column":42},"end":{"line":105,"column":3}},"line":5},"2":{"name":"(anonymous_2)","decl":{"start":{"line":7,"column":21},"end":{"line":7,"column":27}},"loc":{"start":{"line":7,"column":27},"end":{"line":102,"column":null}},"line":7},"3":{"name":"(anonymous_3)","decl":{"start":{"line":30,"column":39},"end":{"line":30,"column":46}},"loc":{"start":{"line":30,"column":46},"end":{"line":35,"column":18}},"line":30},"4":{"name":"(anonymous_4)","decl":{"start":{"line":47,"column":49},"end":{"line":47,"column":50}},"loc":{"start":{"line":47,"column":63},"end":{"line":54,"column":9}},"line":47},"5":{"name":"(anonymous_5)","decl":{"start":{"line":49,"column":35},"end":{"line":49,"column":43}},"loc":{"start":{"line":49,"column":43},"end":{"line":53,"column":13}},"line":49},"6":{"name":"(anonymous_6)","decl":{"start":{"line":62,"column":52},"end":{"line":62,"column":60}},"loc":{"start":{"line":62,"column":60},"end":{"line":62,"column":102}},"line":62},"7":{"name":"(anonymous_7)","decl":{"start":{"line":72,"column":28},"end":{"line":72,"column":29}},"loc":{"start":{"line":72,"column":47},"end":{"line":77,"column":13}},"line":72},"8":{"name":"(anonymous_8)","decl":{"start":{"line":82,"column":62},"end":{"line":82,"column":69}},"loc":{"start":{"line":82,"column":69},"end":{"line":89,"column":9}},"line":82},"9":{"name":"(anonymous_9)","decl":{"start":{"line":84,"column":37},"end":{"line":84,"column":44}},"loc":{"start":{"line":84,"column":44},"end":{"line":87,"column":13}},"line":84},"10":{"name":"(anonymous_10)","decl":{"start":{"line":103,"column":22},"end":{"line":103,"column":32}},"loc":{"start":{"line":103,"column":32},"end":{"line":103,"column":null}},"line":103},"11":{"name":"(anonymous_11)","decl":{"start":{"line":108,"column":28},"end":{"line":108,"column":29}},"loc":{"start":{"line":108,"column":58},"end":{"line":123,"column":null}},"line":108},"12":{"name":"(anonymous_12)","decl":{"start":{"line":125,"column":29},"end":{"line":125,"column":30}},"loc":{"start":{"line":125,"column":93},"end":{"line":146,"column":null}},"line":125},"13":{"name":"(anonymous_13)","decl":{"start":{"line":126,"column":21},"end":{"line":126,"column":22}},"loc":{"start":{"line":126,"column":38},"end":{"line":139,"column":4}},"line":126},"14":{"name":"(anonymous_14)","decl":{"start":{"line":139,"column":13},"end":{"line":139,"column":null}},"loc":{"start":{"line":140,"column":4},"end":{"line":144,"column":null}},"line":140},"15":{"name":"(anonymous_15)","decl":{"start":{"line":148,"column":31},"end":{"line":148,"column":32}},"loc":{"start":{"line":148,"column":71},"end":{"line":173,"column":null}},"line":148},"16":{"name":"(anonymous_16)","decl":{"start":{"line":151,"column":15},"end":{"line":151,"column":23}},"loc":{"start":{"line":151,"column":23},"end":{"line":154,"column":3}},"line":151},"17":{"name":"(anonymous_17)","decl":{"start":{"line":157,"column":10},"end":{"line":157,"column":11}},"loc":{"start":{"line":157,"column":28},"end":{"line":157,"column":33}},"line":157},"18":{"name":"(anonymous_18)","decl":{"start":{"line":158,"column":9},"end":{"line":158,"column":10}},"loc":{"start":{"line":158,"column":31},"end":{"line":158,"column":49}},"line":158},"19":{"name":"(anonymous_19)","decl":{"start":{"line":160,"column":37},"end":{"line":160,"column":38}},"loc":{"start":{"line":160,"column":52},"end":{"line":160,"column":70}},"line":160},"20":{"name":"(anonymous_20)","decl":{"start":{"line":163,"column":27},"end":{"line":163,"column":35}},"loc":{"start":{"line":163,"column":35},"end":{"line":172,"column":3}},"line":163},"21":{"name":"(anonymous_21)","decl":{"start":{"line":175,"column":28},"end":{"line":175,"column":29}},"loc":{"start":{"line":175,"column":69},"end":{"line":192,"column":null}},"line":175},"22":{"name":"(anonymous_22)","decl":{"start":{"line":178,"column":15},"end":{"line":178,"column":23}},"loc":{"start":{"line":178,"column":23},"end":{"line":181,"column":3}},"line":178},"23":{"name":"(anonymous_23)","decl":{"start":{"line":186,"column":9},"end":{"line":186,"column":10}},"loc":{"start":{"line":186,"column":33},"end":{"line":190,"column":6}},"line":186},"24":{"name":"(anonymous_24)","decl":{"start":{"line":191,"column":10},"end":{"line":191,"column":11}},"loc":{"start":{"line":191,"column":20},"end":{"line":191,"column":51}},"line":191}},"branchMap":{"0":{"loc":{"start":{"line":19,"column":8},"end":{"line":42,"column":null}},"type":"if","locations":[{"start":{"line":19,"column":8},"end":{"line":42,"column":null}},{"start":{},"end":{}}],"line":19},"1":{"loc":{"start":{"line":19,"column":12},"end":{"line":19,"column":96}},"type":"binary-expr","locations":[{"start":{"line":19,"column":12},"end":{"line":19,"column":34}},{"start":{"line":19,"column":34},"end":{"line":19,"column":61}},{"start":{"line":19,"column":61},"end":{"line":19,"column":96}}],"line":19},"2":{"loc":{"start":{"line":23,"column":13},"end":{"line":24,"column":null}},"type":"if","locations":[{"start":{"line":23,"column":13},"end":{"line":24,"column":null}},{"start":{"line":23,"column":54},"end":{"line":24,"column":null}}],"line":23},"3":{"loc":{"start":{"line":23,"column":54},"end":{"line":24,"column":null}},"type":"if","locations":[{"start":{"line":23,"column":54},"end":{"line":24,"column":null}},{"start":{},"end":{}}],"line":23},"4":{"loc":{"start":{"line":26,"column":13},"end":{"line":41,"column":null}},"type":"if","locations":[{"start":{"line":26,"column":13},"end":{"line":41,"column":null}},{"start":{},"end":{}}],"line":26},"5":{"loc":{"start":{"line":31,"column":21},"end":{"line":33,"column":null}},"type":"if","locations":[{"start":{"line":31,"column":21},"end":{"line":33,"column":null}},{"start":{},"end":{}}],"line":31},"6":{"loc":{"start":{"line":31,"column":25},"end":{"line":31,"column":73}},"type":"binary-expr","locations":[{"start":{"line":31,"column":25},"end":{"line":31,"column":45}},{"start":{"line":31,"column":45},"end":{"line":31,"column":73}}],"line":31},"7":{"loc":{"start":{"line":48,"column":12},"end":{"line":48,"column":null}},"type":"if","locations":[{"start":{"line":48,"column":12},"end":{"line":48,"column":null}},{"start":{},"end":{}}],"line":48},"8":{"loc":{"start":{"line":49,"column":19},"end":{"line":53,"column":null}},"type":"binary-expr","locations":[{"start":{"line":49,"column":19},"end":{"line":49,"column":26}},{"start":{"line":49,"column":26},"end":{"line":53,"column":null}}],"line":49},"9":{"loc":{"start":{"line":50,"column":16},"end":{"line":50,"column":null}},"type":"if","locations":[{"start":{"line":50,"column":16},"end":{"line":50,"column":null}},{"start":{},"end":{}}],"line":50},"10":{"loc":{"start":{"line":56,"column":8},"end":{"line":59,"column":null}},"type":"if","locations":[{"start":{"line":56,"column":8},"end":{"line":59,"column":null}},{"start":{},"end":{}}],"line":56},"11":{"loc":{"start":{"line":69,"column":12},"end":{"line":69,"column":null}},"type":"if","locations":[{"start":{"line":69,"column":12},"end":{"line":69,"column":null}},{"start":{},"end":{}}],"line":69},"12":{"loc":{"start":{"line":69,"column":16},"end":{"line":69,"column":42}},"type":"binary-expr","locations":[{"start":{"line":69,"column":16},"end":{"line":69,"column":24}},{"start":{"line":69,"column":24},"end":{"line":69,"column":42}}],"line":69},"13":{"loc":{"start":{"line":74,"column":16},"end":{"line":76,"column":null}},"type":"if","locations":[{"start":{"line":74,"column":16},"end":{"line":76,"column":null}},{"start":{},"end":{}}],"line":74},"14":{"loc":{"start":{"line":115,"column":4},"end":{"line":115,"column":null}},"type":"if","locations":[{"start":{"line":115,"column":4},"end":{"line":115,"column":null}},{"start":{},"end":{}}],"line":115},"15":{"loc":{"start":{"line":119,"column":4},"end":{"line":119,"column":null}},"type":"if","locations":[{"start":{"line":119,"column":4},"end":{"line":119,"column":null}},{"start":{},"end":{}}],"line":119},"16":{"loc":{"start":{"line":127,"column":15},"end":{"line":127,"column":58}},"type":"binary-expr","locations":[{"start":{"line":127,"column":15},"end":{"line":127,"column":44}},{"start":{"line":127,"column":44},"end":{"line":127,"column":58}}],"line":127},"17":{"loc":{"start":{"line":128,"column":25},"end":{"line":128,"column":60}},"type":"binary-expr","locations":[{"start":{"line":128,"column":25},"end":{"line":128,"column":48}},{"start":{"line":128,"column":48},"end":{"line":128,"column":60}}],"line":128},"18":{"loc":{"start":{"line":129,"column":27},"end":{"line":129,"column":58}},"type":"binary-expr","locations":[{"start":{"line":129,"column":27},"end":{"line":129,"column":56}},{"start":{"line":129,"column":56},"end":{"line":129,"column":58}}],"line":129},"19":{"loc":{"start":{"line":130,"column":24},"end":{"line":130,"column":60}},"type":"binary-expr","locations":[{"start":{"line":130,"column":24},"end":{"line":130,"column":52}},{"start":{"line":130,"column":52},"end":{"line":130,"column":60}}],"line":130},"20":{"loc":{"start":{"line":131,"column":30},"end":{"line":131,"column":59}},"type":"binary-expr","locations":[{"start":{"line":131,"column":30},"end":{"line":131,"column":57}},{"start":{"line":131,"column":57},"end":{"line":131,"column":59}}],"line":131},"21":{"loc":{"start":{"line":132,"column":21},"end":{"line":132,"column":53}},"type":"binary-expr","locations":[{"start":{"line":132,"column":21},"end":{"line":132,"column":41}},{"start":{"line":132,"column":41},"end":{"line":132,"column":53}}],"line":132},"22":{"loc":{"start":{"line":133,"column":27},"end":{"line":133,"column":63}},"type":"binary-expr","locations":[{"start":{"line":133,"column":27},"end":{"line":133,"column":61}},{"start":{"line":133,"column":61},"end":{"line":133,"column":63}}],"line":133},"23":{"loc":{"start":{"line":134,"column":22},"end":{"line":134,"column":52}},"type":"binary-expr","locations":[{"start":{"line":134,"column":22},"end":{"line":134,"column":50}},{"start":{"line":134,"column":50},"end":{"line":134,"column":52}}],"line":134},"24":{"loc":{"start":{"line":135,"column":23},"end":{"line":135,"column":47}},"type":"binary-expr","locations":[{"start":{"line":135,"column":23},"end":{"line":135,"column":45}},{"start":{"line":135,"column":45},"end":{"line":135,"column":47}}],"line":135},"25":{"loc":{"start":{"line":140,"column":4},"end":{"line":144,"column":null}},"type":"binary-expr","locations":[{"start":{"line":140,"column":4},"end":{"line":140,"column":null}},{"start":{"line":141,"column":4},"end":{"line":141,"column":null}},{"start":{"line":142,"column":4},"end":{"line":142,"column":null}},{"start":{"line":143,"column":4},"end":{"line":143,"column":null}},{"start":{"line":144,"column":4},"end":{"line":144,"column":null}}],"line":140},"26":{"loc":{"start":{"line":153,"column":28},"end":{"line":153,"column":57}},"type":"binary-expr","locations":[{"start":{"line":153,"column":28},"end":{"line":153,"column":52}},{"start":{"line":153,"column":52},"end":{"line":153,"column":57}}],"line":153},"27":{"loc":{"start":{"line":180,"column":32},"end":{"line":180,"column":65}},"type":"binary-expr","locations":[{"start":{"line":180,"column":32},"end":{"line":180,"column":60}},{"start":{"line":180,"column":60},"end":{"line":180,"column":65}}],"line":180}},"s":{"0":3,"1":3,"2":3,"3":3,"4":3,"5":3,"6":3,"7":3,"8":3,"9":3,"10":3,"11":2,"12":2,"13":2,"14":1,"15":1,"16":0,"17":2,"18":1,"19":2,"20":2,"21":0,"22":3,"23":5,"24":0,"25":5,"26":7,"27":0,"28":7,"29":7,"30":3,"31":1,"32":1,"33":2,"34":7,"35":2,"36":2,"37":2,"38":3,"39":3,"40":0,"41":3,"42":3,"43":11,"44":11,"45":3,"46":3,"47":3,"48":3,"49":11,"50":11,"51":3,"52":3,"53":3,"54":3,"55":1,"56":3,"57":0,"58":3,"59":3,"60":7,"61":7,"62":7,"63":7,"64":74,"65":2,"66":5,"67":19,"68":4,"69":1,"70":3,"71":5,"72":15,"73":15,"74":3,"75":2,"76":2,"77":3,"78":3,"79":2,"80":1,"81":2,"82":2,"83":2,"84":2,"85":2,"86":2,"87":2,"88":2,"89":3,"90":2,"91":2,"92":3,"93":3,"94":2,"95":2,"96":2,"97":1},"f":{"0":3,"1":3,"2":3,"3":2,"4":5,"5":7,"6":7,"7":11,"8":3,"9":11,"10":0,"11":7,"12":5,"13":15,"14":15,"15":2,"16":3,"17":1,"18":2,"19":2,"20":2,"21":2,"22":3,"23":2,"24":1},"b":{"0":[2,1],"1":[3,3,2],"2":[1,1],"3":[0,1],"4":[1,1],"5":[2,0],"6":[2,2],"7":[0,5],"8":[5,5],"9":[0,7],"10":[1,2],"11":[0,3],"12":[3,3],"13":[11,0],"14":[2,72],"15":[4,15],"16":[15,3],"17":[15,0],"18":[15,3],"19":[15,0],"20":[15,3],"21":[15,0],"22":[15,3],"23":[15,3],"24":[15,3],"25":[15,15,12,12,12],"26":[3,2],"27":[3,2]},"meta":{"lastBranch":28,"lastFunction":25,"lastStatement":98,"seen":{"s:4:25:106:Infinity":0,"f:4:25:4:26":0,"s:5:2:105:Infinity":1,"f:5:21:5:22":1,"s:6:19:6:Infinity":2,"s:7:4:102:Infinity":3,"f:7:21:7:27":2,"s:8:6:101:Infinity":4,"s:9:21:9:Infinity":5,"s:11:25:11:Infinity":6,"s:12:31:12:Infinity":7,"s:13:26:13:Infinity":8,"s:16:22:16:Infinity":9,"b:19:8:42:Infinity:undefined:undefined:undefined:undefined":0,"s:19:8:42:Infinity":10,"b:19:12:19:34:19:34:19:61:19:61:19:96":1,"s:21:30:21:Infinity":11,"s:22:29:22:Infinity":12,"b:23:13:24:Infinity:23:54:24:Infinity":2,"s:23:13:24:Infinity":13,"s:23:42:23:Infinity":14,"b:23:54:24:Infinity:undefined:undefined:undefined:undefined":3,"s:23:54:24:Infinity":15,"s:24:46:24:Infinity":16,"b:26:13:41:Infinity:undefined:undefined:undefined:undefined":4,"s:26:13:41:Infinity":17,"s:30:17:35:Infinity":18,"f:30:39:30:46":3,"b:31:21:33:Infinity:undefined:undefined:undefined:undefined":5,"s:31:21:33:Infinity":19,"b:31:25:31:45:31:45:31:73":6,"s:32:25:32:Infinity":20,"s:34:21:34:Infinity":21,"s:47:31:54:Infinity":22,"f:47:49:47:50":4,"b:48:12:48:Infinity:undefined:undefined:undefined:undefined":7,"s:48:12:48:Infinity":23,"s:48:26:48:Infinity":24,"s:49:12:53:Infinity":25,"b:49:19:49:26:49:26:53:Infinity":8,"f:49:35:49:43":5,"b:50:16:50:Infinity:undefined:undefined:undefined:undefined":9,"s:50:16:50:Infinity":26,"s:50:27:50:Infinity":27,"s:51:28:51:Infinity":28,"s:52:16:52:Infinity":29,"b:56:8:59:Infinity:undefined:undefined:undefined:undefined":10,"s:56:8:59:Infinity":30,"s:57:12:57:Infinity":31,"s:58:12:58:Infinity":32,"s:62:24:62:Infinity":33,"f:62:52:62:60":6,"s:62:60:62:102":34,"s:66:39:66:Infinity":35,"s:67:8:79:Infinity":36,"s:67:21:67:41":37,"s:68:24:68:Infinity":38,"b:69:12:69:Infinity:undefined:undefined:undefined:undefined":11,"s:69:12:69:Infinity":39,"b:69:16:69:24:69:24:69:42":12,"s:69:42:69:Infinity":40,"s:71:32:71:Infinity":41,"s:72:12:77:Infinity":42,"f:72:28:72:29":7,"b:74:16:76:Infinity:undefined:undefined:undefined:undefined":13,"s:74:16:76:Infinity":43,"s:75:20:75:Infinity":44,"s:78:12:78:Infinity":45,"s:82:49:89:Infinity":46,"f:82:62:82:69":8,"s:83:32:83:Infinity":47,"s:84:12:87:Infinity":48,"f:84:37:84:44":9,"s:85:38:85:Infinity":49,"s:86:16:86:Infinity":50,"s:88:12:88:Infinity":51,"s:91:28:91:Infinity":52,"s:92:31:92:Infinity":53,"s:94:8:98:Infinity":54,"s:100:8:100:Infinity":55,"s:103:4:103:Infinity":56,"f:103:22:103:32":10,"s:103:32:103:Infinity":57,"s:104:4:104:Infinity":58,"s:108:28:123:Infinity":59,"f:108:28:108:29":11,"s:109:17:109:Infinity":60,"s:110:24:110:Infinity":61,"s:112:16:112:Infinity":62,"s:114:2:116:Infinity":63,"b:115:4:115:Infinity:undefined:undefined:undefined:undefined":14,"s:115:4:115:Infinity":64,"s:115:27:115:Infinity":65,"s:118:2:120:Infinity":66,"b:119:4:119:Infinity:undefined:undefined:undefined:undefined":15,"s:119:4:119:Infinity":67,"s:119:27:119:Infinity":68,"s:122:2:122:Infinity":69,"s:125:29:146:Infinity":70,"f:125:29:125:30":12,"s:126:2:145:Infinity":71,"f:126:21:126:22":13,"s:126:38:139:4":72,"b:127:15:127:44:127:44:127:58":16,"b:128:25:128:48:128:48:128:60":17,"b:129:27:129:56:129:56:129:58":18,"b:130:24:130:52:130:52:130:60":19,"b:131:30:131:57:131:57:131:59":20,"b:132:21:132:41:132:41:132:53":21,"b:133:27:133:61:133:61:133:63":22,"b:134:22:134:50:134:50:134:52":23,"b:135:23:135:45:135:45:135:47":24,"f:139:13:139:Infinity":14,"s:140:4:144:Infinity":73,"b:140:4:140:Infinity:141:4:141:Infinity:142:4:142:Infinity:143:4:143:Infinity:144:4:144:Infinity":25,"s:148:31:173:Infinity":74,"f:148:31:148:32":15,"s:149:47:149:Infinity":75,"s:151:2:154:Infinity":76,"f:151:15:151:23":16,"s:152:19:152:Infinity":77,"s:153:4:153:Infinity":78,"b:153:28:153:52:153:52:153:57":26,"s:156:24:158:Infinity":79,"f:157:10:157:11":17,"s:157:28:157:33":80,"f:158:9:158:10":18,"s:158:31:158:49":81,"s:160:16:160:Infinity":82,"f:160:37:160:38":19,"s:160:52:160:70":83,"s:161:19:161:Infinity":84,"s:163:2:172:Infinity":85,"f:163:27:163:35":20,"s:164:24:164:Infinity":86,"s:165:4:165:Infinity":87,"s:166:4:171:Infinity":88,"s:175:28:192:Infinity":89,"f:175:28:175:29":21,"s:176:49:176:Infinity":90,"s:178:2:181:Infinity":91,"f:178:15:178:23":22,"s:179:21:179:Infinity":92,"s:180:4:180:Infinity":93,"b:180:32:180:60:180:60:180:65":27,"s:183:16:183:Infinity":94,"s:185:2:191:Infinity":95,"f:186:9:186:10":23,"s:186:33:190:6":96,"f:191:10:191:11":24,"s:191:20:191:51":97}}}
}
